2022-11-05 19:22:17.476 [main] DEBUG  - We've just greeted the user!
2022-11-05 19:22:17.478 [main] INFO   - We've just greeted the user!
2022-11-05 19:22:17.478 [main] WARN   - We've just greeted the user!
2022-11-05 19:22:17.478 [main] ERROR  - We've just greeted the user!
2022-11-05 19:22:17.478 [main] FATAL  - We've just greeted the user!
2022-11-05 19:36:30.148 [main] DEBUG  - We've just greeted the user!
2022-11-05 19:36:30.149 [main] INFO   - We've just greeted the user!
2022-11-05 19:36:30.150 [main] WARN   - We've just greeted the user!
2022-11-05 19:36:30.150 [main] ERROR  - We've just greeted the user!
2022-11-05 19:36:30.150 [main] FATAL  - We've just greeted the user!
2022-11-05 19:36:48.075 [main] DEBUG  - We've just greeted the user!
2022-11-05 19:36:48.077 [main] INFO   - We've just greeted the user!
2022-11-05 19:36:48.077 [main] WARN   - We've just greeted the user!
2022-11-05 19:36:48.077 [main] ERROR  - We've just greeted the user!
2022-11-05 19:36:48.077 [main] FATAL  - We've just greeted the user!
2022-11-05 20:53:09.127 [main] DEBUG  - We've just greeted the user!
2022-11-05 20:53:09.129 [main] INFO   - We've just greeted the user!
2022-11-05 20:53:09.129 [main] WARN   - We've just greeted the user!
2022-11-05 20:53:09.129 [main] ERROR  - We've just greeted the user!
2022-11-05 20:53:09.129 [main] FATAL  - We've just greeted the user!
2022-11-05 20:53:14.629 [main] DEBUG  - We've just greeted the user!
2022-11-05 20:53:14.631 [main] INFO   - We've just greeted the user!
2022-11-05 20:53:14.631 [main] WARN   - We've just greeted the user!
2022-11-05 20:53:14.631 [main] ERROR  - We've just greeted the user!
2022-11-05 20:53:14.632 [main] FATAL  - We've just greeted the user!
2022-11-05 20:53:46.498 [main] DEBUG  - We've just greeted the user!
2022-11-05 20:53:46.500 [main] INFO   - We've just greeted the user!
2022-11-05 20:53:46.500 [main] WARN   - We've just greeted the user!
2022-11-05 20:53:46.500 [main] ERROR  - We've just greeted the user!
2022-11-05 20:53:46.500 [main] FATAL  - We've just greeted the user!
2022-11-05 20:53:51.644 [main] DEBUG  - We've just greeted the user!
2022-11-05 20:53:51.646 [main] INFO   - We've just greeted the user!
2022-11-05 20:53:51.646 [main] WARN   - We've just greeted the user!
2022-11-05 20:53:51.646 [main] ERROR  - We've just greeted the user!
2022-11-05 20:53:51.646 [main] FATAL  - We've just greeted the user!
2022-11-05 20:54:26.310 [main] DEBUG  - We've just greeted the user!
2022-11-05 20:54:26.312 [main] INFO   - We've just greeted the user!
2022-11-05 20:54:26.312 [main] WARN   - We've just greeted the user!
2022-11-05 20:54:26.312 [main] ERROR  - We've just greeted the user!
2022-11-05 20:54:26.312 [main] FATAL  - We've just greeted the user!
2022-11-05 20:54:33.869 [main] DEBUG  - We've just greeted the user!
2022-11-05 20:54:33.871 [main] INFO   - We've just greeted the user!
2022-11-05 20:54:33.871 [main] WARN   - We've just greeted the user!
2022-11-05 20:54:33.871 [main] ERROR  - We've just greeted the user!
2022-11-05 20:54:33.871 [main] FATAL  - We've just greeted the user!
2022-11-05 20:57:58.085 [main] DEBUG  - We've just greeted the user!
2022-11-05 20:57:58.086 [main] INFO   - We've just greeted the user!
2022-11-05 20:57:58.086 [main] WARN   - We've just greeted the user!
2022-11-05 20:57:58.086 [main] ERROR  - We've just greeted the user!
2022-11-05 20:57:58.086 [main] FATAL  - We've just greeted the user!
2022-11-05 20:58:05.245 [main] DEBUG  - We've just greeted the user!
2022-11-05 20:58:05.247 [main] INFO   - We've just greeted the user!
2022-11-05 20:58:05.247 [main] WARN   - We've just greeted the user!
2022-11-05 20:58:05.247 [main] ERROR  - We've just greeted the user!
2022-11-05 20:58:05.247 [main] FATAL  - We've just greeted the user!
2022-11-05 20:58:27.076 [main] DEBUG  - We've just greeted the user!
2022-11-05 20:58:27.079 [main] INFO   - We've just greeted the user!
2022-11-05 20:58:27.079 [main] WARN   - We've just greeted the user!
2022-11-05 20:58:27.079 [main] ERROR  - We've just greeted the user!
2022-11-05 20:58:27.079 [main] FATAL  - We've just greeted the user!
2022-11-05 20:58:43.129 [main] DEBUG  - We've just greeted the user!
2022-11-05 20:58:43.131 [main] INFO   - We've just greeted the user!
2022-11-05 20:58:43.131 [main] WARN   - We've just greeted the user!
2022-11-05 20:58:43.131 [main] ERROR  - We've just greeted the user!
2022-11-05 20:58:43.131 [main] FATAL  - We've just greeted the user!
2022-11-05 20:59:01.846 [main] DEBUG  - We've just greeted the user!
2022-11-05 20:59:01.848 [main] INFO   - We've just greeted the user!
2022-11-05 20:59:01.848 [main] WARN   - We've just greeted the user!
2022-11-05 20:59:01.848 [main] ERROR  - We've just greeted the user!
2022-11-05 20:59:01.848 [main] FATAL  - We've just greeted the user!
2022-11-05 20:59:15.048 [main] DEBUG  - We've just greeted the user!
2022-11-05 20:59:15.049 [main] INFO   - We've just greeted the user!
2022-11-05 20:59:15.049 [main] WARN   - We've just greeted the user!
2022-11-05 20:59:15.050 [main] ERROR  - We've just greeted the user!
2022-11-05 20:59:15.050 [main] FATAL  - We've just greeted the user!
2022-11-05 20:59:39.503 [main] DEBUG  - We've just greeted the user!
2022-11-05 20:59:39.505 [main] INFO   - We've just greeted the user!
2022-11-05 20:59:39.505 [main] WARN   - We've just greeted the user!
2022-11-05 20:59:39.505 [main] ERROR  - We've just greeted the user!
2022-11-05 20:59:39.505 [main] FATAL  - We've just greeted the user!
2022-11-05 20:59:56.691 [main] DEBUG  - We've just greeted the user!
2022-11-05 20:59:56.692 [main] INFO   - We've just greeted the user!
2022-11-05 20:59:56.692 [main] WARN   - We've just greeted the user!
2022-11-05 20:59:56.692 [main] ERROR  - We've just greeted the user!
2022-11-05 20:59:56.692 [main] FATAL  - We've just greeted the user!
2022-11-05 21:00:14.988 [main] DEBUG  - We've just greeted the user!
2022-11-05 21:00:14.990 [main] INFO   - We've just greeted the user!
2022-11-05 21:00:14.990 [main] WARN   - We've just greeted the user!
2022-11-05 21:00:14.990 [main] ERROR  - We've just greeted the user!
2022-11-05 21:00:14.990 [main] FATAL  - We've just greeted the user!
2022-11-05 21:09:36.729 [main] DEBUG  - We've just greeted the user!
2022-11-05 21:09:36.731 [main] INFO   - We've just greeted the user!
2022-11-05 21:09:36.731 [main] WARN   - We've just greeted the user!
2022-11-05 21:09:36.731 [main] ERROR  - We've just greeted the user!
2022-11-05 21:09:36.731 [main] FATAL  - We've just greeted the user!
2022-11-05 21:09:43.692 [main] DEBUG  - We've just greeted the user!
2022-11-05 21:09:43.694 [main] INFO   - We've just greeted the user!
2022-11-05 21:09:43.694 [main] WARN   - We've just greeted the user!
2022-11-05 21:09:43.694 [main] ERROR  - We've just greeted the user!
2022-11-05 21:09:43.694 [main] FATAL  - We've just greeted the user!
2022-11-05 21:11:23.895 [main] DEBUG  - We've just greeted the user!
2022-11-05 21:11:23.897 [main] INFO   - We've just greeted the user!
2022-11-05 21:11:23.897 [main] WARN   - We've just greeted the user!
2022-11-05 21:11:23.897 [main] ERROR  - We've just greeted the user!
2022-11-05 21:11:23.897 [main] FATAL  - We've just greeted the user!
2022-11-05 21:11:31.443 [main] DEBUG  - We've just greeted the user!
2022-11-05 21:11:31.444 [main] INFO   - We've just greeted the user!
2022-11-05 21:11:31.444 [main] WARN   - We've just greeted the user!
2022-11-05 21:11:31.444 [main] ERROR  - We've just greeted the user!
2022-11-05 21:11:31.444 [main] FATAL  - We've just greeted the user!
2022-11-05 21:11:35.420 [main] DEBUG  - We've just greeted the user!
2022-11-05 21:11:35.422 [main] INFO   - We've just greeted the user!
2022-11-05 21:11:35.422 [main] WARN   - We've just greeted the user!
2022-11-05 21:11:35.422 [main] ERROR  - We've just greeted the user!
2022-11-05 21:11:35.422 [main] FATAL  - We've just greeted the user!
2022-11-05 21:12:03.325 [main] DEBUG  - We've just greeted the user!
2022-11-05 21:12:03.326 [main] INFO   - We've just greeted the user!
2022-11-05 21:12:03.326 [main] WARN   - We've just greeted the user!
2022-11-05 21:12:03.326 [main] ERROR  - We've just greeted the user!
2022-11-05 21:12:03.326 [main] FATAL  - We've just greeted the user!
2022-11-05 21:12:34.219 [main] DEBUG  - We've just greeted the user!
2022-11-05 21:12:34.220 [main] INFO   - We've just greeted the user!
2022-11-05 21:12:34.221 [main] WARN   - We've just greeted the user!
2022-11-05 21:12:34.221 [main] ERROR  - We've just greeted the user!
2022-11-05 21:12:34.221 [main] FATAL  - We've just greeted the user!
2022-11-05 21:12:41.680 [main] DEBUG  - We've just greeted the user!
2022-11-05 21:12:41.681 [main] INFO   - We've just greeted the user!
2022-11-05 21:12:41.682 [main] WARN   - We've just greeted the user!
2022-11-05 21:12:41.682 [main] ERROR  - We've just greeted the user!
2022-11-05 21:12:41.682 [main] FATAL  - We've just greeted the user!
2022-11-05 21:17:32.471 [main] DEBUG  - We've just greeted the user!
2022-11-05 21:17:32.479 [main] INFO   - We've just greeted the user!
2022-11-05 21:17:32.480 [main] WARN   - We've just greeted the user!
2022-11-05 21:17:32.481 [main] ERROR  - We've just greeted the user!
2022-11-05 21:17:32.481 [main] FATAL  - We've just greeted the user!
2022-11-05 21:18:43.088 [main] DEBUG  - We've just greeted the user!
2022-11-05 21:18:43.097 [main] INFO   - We've just greeted the user!
2022-11-05 21:18:43.097 [main] WARN   - We've just greeted the user!
2022-11-05 21:18:43.098 [main] ERROR  - We've just greeted the user!
2022-11-05 21:18:43.099 [main] FATAL  - We've just greeted the user!
2022-11-05 21:21:23.192 [main] DEBUG  - We've just greeted the user!
2022-11-05 21:21:23.202 [main] INFO   - We've just greeted the user!
2022-11-05 21:21:23.202 [main] WARN   - We've just greeted the user!
2022-11-05 21:21:23.203 [main] ERROR  - We've just greeted the user!
2022-11-05 21:21:23.203 [main] FATAL  - We've just greeted the user!
2022-11-05 21:48:58.132 [main] DEBUG  - We've just greeted the user!
2022-11-05 21:48:58.141 [main] INFO   - We've just greeted the user!
2022-11-05 21:48:58.142 [main] WARN   - We've just greeted the user!
2022-11-05 21:48:58.143 [main] ERROR  - We've just greeted the user!
2022-11-05 21:48:58.143 [main] FATAL  - We've just greeted the user!
2022-11-05 21:53:14.054 [main] DEBUG  - We've just greeted the user!
2022-11-05 21:53:14.063 [main] INFO   - We've just greeted the user!
2022-11-05 21:53:14.064 [main] WARN   - We've just greeted the user!
2022-11-05 21:53:14.064 [main] ERROR  - We've just greeted the user!
2022-11-05 21:53:14.065 [main] FATAL  - We've just greeted the user!
2022-11-05 21:58:34.919 [main] DEBUG  - We've just greeted the user!
2022-11-05 21:58:34.928 [main] INFO   - We've just greeted the user!
2022-11-05 21:58:34.929 [main] WARN   - We've just greeted the user!
2022-11-05 21:58:34.929 [main] ERROR  - We've just greeted the user!
2022-11-05 21:58:34.930 [main] FATAL  - We've just greeted the user!
2022-11-05 22:02:27.316 [main] DEBUG  - We've just greeted the user!
2022-11-05 22:02:27.327 [main] INFO   - We've just greeted the user!
2022-11-05 22:02:27.327 [main] WARN   - We've just greeted the user!
2022-11-05 22:02:27.328 [main] ERROR  - We've just greeted the user!
2022-11-05 22:02:27.328 [main] FATAL  - We've just greeted the user!
2022-11-05 22:05:51.996 [main] DEBUG  - We've just greeted the user!
2022-11-05 22:05:52.005 [main] INFO   - We've just greeted the user!
2022-11-05 22:05:52.006 [main] WARN   - We've just greeted the user!
2022-11-05 22:05:52.007 [main] ERROR  - We've just greeted the user!
2022-11-05 22:05:52.007 [main] FATAL  - We've just greeted the user!
2022-11-05 22:08:09.404 [main] DEBUG  - We've just greeted the user!
2022-11-05 22:08:09.414 [main] INFO   - We've just greeted the user!
2022-11-05 22:08:09.415 [main] WARN   - We've just greeted the user!
2022-11-05 22:08:09.415 [main] ERROR  - We've just greeted the user!
2022-11-05 22:08:09.416 [main] FATAL  - We've just greeted the user!
2022-11-05 22:15:47.094 [main] DEBUG  - We've just greeted the user!
2022-11-05 22:15:47.104 [main] INFO   - We've just greeted the user!
2022-11-05 22:15:47.105 [main] WARN   - We've just greeted the user!
2022-11-05 22:15:47.105 [main] ERROR  - We've just greeted the user!
2022-11-05 22:15:47.106 [main] FATAL  - We've just greeted the user!
2022-11-05 22:17:06.643 [main] DEBUG  - We've just greeted the user!
2022-11-05 22:17:06.652 [main] INFO   - We've just greeted the user!
2022-11-05 22:17:06.653 [main] WARN   - We've just greeted the user!
2022-11-05 22:17:06.654 [main] ERROR  - We've just greeted the user!
2022-11-05 22:17:06.654 [main] FATAL  - We've just greeted the user!
